Using pre-set license
Built from '2020.3/staging' branch; Version is '2020.3.6f1 (338bb68529b2) revision 3378102'; Using compiler version '192528614'; Build Type 'Release'
OS: 'Windows 10 Home Single Language; OS build 19042.1466; Version 2009; 64bit' Language: 'en' Physical Memory: 7542 MB
BatchMode: 1, IsHumanControllingUs: 0, StartBugReporterOnCrash: 0, Is64bit: 1, IsPro: 0

 COMMAND LINE ARGUMENTS:
C:\Program Files\Unity\Hub\Editor\2020.3.6f1\Editor\Unity.exe
-adb2
-batchMode
-noUpm
-name
AssetImportWorker0
-projectPath
D:/UnityProject/exercise_BlockBreaker
-logFile
Logs/AssetImportWorker0.log
-srvPort
59864
Successfully changed project path to: D:/UnityProject/exercise_BlockBreaker
D:/UnityProject/exercise_BlockBreaker
Using Asset Import Pipeline V2.
Refreshing native plugins compatible for Editor in 34.72 ms, found 1 plugins.
Preloading 0 native plugins for Editor in 0.00 ms.
Initialize engine version: 2020.3.6f1 (338bb68529b2)
[Subsystems] Discovering subsystems at path C:/Program Files/Unity/Hub/Editor/2020.3.6f1/Editor/Data/Resources/UnitySubsystems
[Subsystems] Discovering subsystems at path D:/UnityProject/exercise_BlockBreaker/Assets
GfxDevice: creating device client; threaded=0
Direct3D:
    Version:  Direct3D 11.0 [level 11.1]
    Renderer: AMD Radeon(TM) Graphics (ID=0x1636)
    Vendor:   
    VRAM:     3771 MB
    Driver:   27.20.11028.10001
Initialize mono
Mono path[0] = 'C:/Program Files/Unity/Hub/Editor/2020.3.6f1/Editor/Data/Managed'
Mono path[1] = 'C:/Program Files/Unity/Hub/Editor/2020.3.6f1/Editor/Data/MonoBleedingEdge/lib/mono/unityjit'
Mono config path = 'C:/Program Files/Unity/Hub/Editor/2020.3.6f1/Editor/Data/MonoBleedingEdge/etc'
Using monoOptions --debugger-agent=transport=dt_socket,embedding=1,server=y,suspend=n,address=127.0.0.1:56284
Begin MonoManager ReloadAssembly
Registering precompiled unity dll's ...
Register platform support module: C:/Program Files/Unity/Hub/Editor/2020.3.6f1/Editor/Data/PlaybackEngines/WebGLSupport/UnityEditor.WebGL.Extensions.dll
Register platform support module: C:/Program Files/Unity/Hub/Editor/2020.3.6f1/Editor/Data/PlaybackEngines/WindowsStandaloneSupport/UnityEditor.WindowsStandalone.Extensions.dll
Registered in 0.002282 seconds.
Native extension for WindowsStandalone target not found
Native extension for WebGL target not found
Refreshing native plugins compatible for Editor in 38.94 ms, found 1 plugins.
Preloading 0 native plugins for Editor in 0.00 ms.
Mono: successfully reloaded assembly
- Completed reload, in  1.189 seconds
Platform modules already initialized, skipping
Registering precompiled user dll's ...
Registered in 0.000773 seconds.
Begin MonoManager ReloadAssembly
Native extension for WindowsStandalone target not found
Native extension for WebGL target not found
Refreshing native plugins compatible for Editor in 37.54 ms, found 1 plugins.
Preloading 0 native plugins for Editor in 0.00 ms.
Mono: successfully reloaded assembly
- Completed reload, in  0.926 seconds
Platform modules already initialized, skipping
========================================================================
Worker process is ready to serve import requests
Launched and connected shader compiler UnityShaderCompiler.exe after 0.06 seconds
Refreshing native plugins compatible for Editor in 0.40 ms, found 1 plugins.
Preloading 0 native plugins for Editor in 0.00 ms.
Unloading 1828 Unused Serialized files (Serialized files now loaded: 0)
System memory in use before: 106.9 MB.
System memory in use after: 106.9 MB.

Unloading 24 unused Assets to reduce memory usage. Loaded Objects now: 2294.
Total: 2.711800 ms (FindLiveObjects: 0.385200 ms CreateObjectMapping: 0.112800 ms MarkObjects: 2.063500 ms  DeleteObjects: 0.149100 ms)

========================================================================
Received Import Request.
  path: Assets/Prefabs/Block-2Hit.prefab
  artifactKey: Guid(de3054472b65c054aad0c632583a2724) Importer(815301076,1909f56bfc062723c751e8b465ee728b)
Start importing Assets/Prefabs/Block-2Hit.prefab using Guid(de3054472b65c054aad0c632583a2724) Importer(815301076,1909f56bfc062723c751e8b465ee728b)  -> (artifact id: 'a215c4fa9b3fab05f56430bcbd014118') in 0.109146 seconds
  Import took 0.113445 seconds .

========================================================================
Received Import Request.
  Time since last request: 0.000291 seconds.
  path: Assets/Prefabs/LevelLogic.prefab
  artifactKey: Guid(8d46936a2abbfe04781ada272f8bfe97) Importer(815301076,1909f56bfc062723c751e8b465ee728b)
Start importing Assets/Prefabs/LevelLogic.prefab using Guid(8d46936a2abbfe04781ada272f8bfe97) Importer(815301076,1909f56bfc062723c751e8b465ee728b)  -> (artifact id: 'f36847b4f098594f914f63bea7b2ac26') in 0.009070 seconds
  Import took 0.012472 seconds .

========================================================================
Received Import Request.
  Time since last request: 0.000230 seconds.
  path: Assets/Prefabs/Block-3Hit.prefab
  artifactKey: Guid(e509511382708d141bb03f6912102a39) Importer(815301076,1909f56bfc062723c751e8b465ee728b)
Start importing Assets/Prefabs/Block-3Hit.prefab using Guid(e509511382708d141bb03f6912102a39) Importer(815301076,1909f56bfc062723c751e8b465ee728b)  -> (artifact id: '717ab1b9ae9b1d05d135ddff67ab1c16') in 0.016473 seconds
  Import took 0.021814 seconds .

========================================================================
Received Import Request.
  Time since last request: 0.000240 seconds.
  path: Assets/Prefabs/SceneLoader.prefab
  artifactKey: Guid(a6b82298cf9664540bcf4a685bd9cd0a) Importer(815301076,1909f56bfc062723c751e8b465ee728b)
Start importing Assets/Prefabs/SceneLoader.prefab using Guid(a6b82298cf9664540bcf4a685bd9cd0a) Importer(815301076,1909f56bfc062723c751e8b465ee728b)  -> (artifact id: 'b5e6015d940eaa2c447f3896e34ddaf4') in 0.011934 seconds
  Import took 0.015694 seconds .

========================================================================
Received Import Request.
  Time since last request: 0.000301 seconds.
  path: Assets/Prefabs/PlaySpace.prefab
  artifactKey: Guid(3dffd2a57ac19a543940df0359877feb) Importer(815301076,1909f56bfc062723c751e8b465ee728b)
Start importing Assets/Prefabs/PlaySpace.prefab using Guid(3dffd2a57ac19a543940df0359877feb) Importer(815301076,1909f56bfc062723c751e8b465ee728b)  -> (artifact id: 'f7262b613d01e694ca7118ab99ce686b') in 0.026818 seconds
  Import took 0.031069 seconds .

========================================================================
Received Import Request.
  Time since last request: 0.000215 seconds.
  path: Assets/Prefabs/UnbreakableBlock.prefab
  artifactKey: Guid(84d74c4f3b2a8d7459d271264c6bf086) Importer(815301076,1909f56bfc062723c751e8b465ee728b)
Start importing Assets/Prefabs/UnbreakableBlock.prefab using Guid(84d74c4f3b2a8d7459d271264c6bf086) Importer(815301076,1909f56bfc062723c751e8b465ee728b)  -> (artifact id: '25e2405187195e272044e4b7c049935a') in 0.010653 seconds
  Import took 0.014062 seconds .

========================================================================
Received Import Request.
  Time since last request: 0.000317 seconds.
  path: Assets/Prefabs/Ball.prefab
  artifactKey: Guid(86def8c4074730847a3a8529a743fa83) Importer(815301076,1909f56bfc062723c751e8b465ee728b)
Start importing Assets/Prefabs/Ball.prefab using Guid(86def8c4074730847a3a8529a743fa83) Importer(815301076,1909f56bfc062723c751e8b465ee728b)  -> (artifact id: 'f00da7812af9e34b459d3374a1908b55') in 0.015916 seconds
  Import took 0.019058 seconds .

========================================================================
Received Import Request.
  Time since last request: 0.000230 seconds.
  path: Assets/Prefabs/Paddle.prefab
  artifactKey: Guid(6dacea3d729fde34b8c08d99f8d47202) Importer(815301076,1909f56bfc062723c751e8b465ee728b)
Start importing Assets/Prefabs/Paddle.prefab using Guid(6dacea3d729fde34b8c08d99f8d47202) Importer(815301076,1909f56bfc062723c751e8b465ee728b)  -> (artifact id: '986aa63b6494a6a587cc0aa1ad486d4c') in 0.011666 seconds
  Import took 0.014901 seconds .

========================================================================
Received Import Request.
  Time since last request: 0.000298 seconds.
  path: Assets/Prefabs/GameStatus.prefab
  artifactKey: Guid(7755c67c5b54abc479e3371de361946f) Importer(815301076,1909f56bfc062723c751e8b465ee728b)
Start importing Assets/Prefabs/GameStatus.prefab using Guid(7755c67c5b54abc479e3371de361946f) Importer(815301076,1909f56bfc062723c751e8b465ee728b)  -> (artifact id: 'ef31153fbf2db3faca8f0b68475249c3') in 0.008011 seconds
  Import took 0.011100 seconds .

========================================================================
Received Import Request.
  Time since last request: 0.073372 seconds.
  path: Assets/Prefabs/GameStatus.prefab
  artifactKey: Guid(7755c67c5b54abc479e3371de361946f) Importer(815301076,1909f56bfc062723c751e8b465ee728b)
Start importing Assets/Prefabs/GameStatus.prefab using Guid(7755c67c5b54abc479e3371de361946f) Importer(815301076,1909f56bfc062723c751e8b465ee728b)  -> (artifact id: 'ef31153fbf2db3faca8f0b68475249c3') in 0.003230 seconds
  Import took 0.007072 seconds .

========================================================================
Received Prepare
Registering precompiled user dll's ...
Registered in 0.000785 seconds.
Begin MonoManager ReloadAssembly
Native extension for WindowsStandalone target not found
Native extension for WebGL target not found
Refreshing native plugins compatible for Editor in 0.41 ms, found 1 plugins.
Preloading 0 native plugins for Editor in 0.00 ms.
Mono: successfully reloaded assembly
- Completed reload, in  0.826 seconds
Platform modules already initialized, skipping
Refreshing native plugins compatible for Editor in 0.40 ms, found 1 plugins.
Preloading 0 native plugins for Editor in 0.00 ms.
Unloading 1810 Unused Serialized files (Serialized files now loaded: 0)
System memory in use before: 108.7 MB.
System memory in use after: 108.7 MB.

Unloading 14 unused Assets to reduce memory usage. Loaded Objects now: 2305.
Total: 2.574200 ms (FindLiveObjects: 0.280000 ms CreateObjectMapping: 0.077300 ms MarkObjects: 2.074400 ms  DeleteObjects: 0.140400 ms)

========================================================================
Received Import Request.
  Time since last request: 116.371117 seconds.
  path: Assets/Prefabs/GameStatus.prefab
  artifactKey: Guid(7755c67c5b54abc479e3371de361946f) Importer(815301076,1909f56bfc062723c751e8b465ee728b)
Start importing Assets/Prefabs/GameStatus.prefab using Guid(7755c67c5b54abc479e3371de361946f) Importer(815301076,1909f56bfc062723c751e8b465ee728b)  -> (artifact id: '2961644166b7446be8fd6a4bf6f0ba7d') in 0.023433 seconds
  Import took 0.027796 seconds .

========================================================================
Received Prepare
Registering precompiled user dll's ...
Registered in 0.000813 seconds.
Begin MonoManager ReloadAssembly
Native extension for WindowsStandalone target not found
Native extension for WebGL target not found
Refreshing native plugins compatible for Editor in 0.39 ms, found 1 plugins.
Preloading 0 native plugins for Editor in 0.00 ms.
Mono: successfully reloaded assembly
- Completed reload, in  0.819 seconds
Platform modules already initialized, skipping
Refreshing native plugins compatible for Editor in 0.39 ms, found 1 plugins.
Preloading 0 native plugins for Editor in 0.00 ms.
Unloading 1810 Unused Serialized files (Serialized files now loaded: 0)
System memory in use before: 108.8 MB.
System memory in use after: 108.8 MB.

Unloading 12 unused Assets to reduce memory usage. Loaded Objects now: 2309.
Total: 2.461800 ms (FindLiveObjects: 0.387800 ms CreateObjectMapping: 0.111400 ms MarkObjects: 1.827700 ms  DeleteObjects: 0.132500 ms)

========================================================================
Received Prepare
Registering precompiled user dll's ...
Registered in 0.001362 seconds.
Begin MonoManager ReloadAssembly
Native extension for WindowsStandalone target not found
Native extension for WebGL target not found
Refreshing native plugins compatible for Editor in 0.40 ms, found 1 plugins.
Preloading 0 native plugins for Editor in 0.00 ms.
Mono: successfully reloaded assembly
- Completed reload, in  0.817 seconds
Platform modules already initialized, skipping
Refreshing native plugins compatible for Editor in 0.40 ms, found 1 plugins.
Preloading 0 native plugins for Editor in 0.00 ms.
Unloading 1810 Unused Serialized files (Serialized files now loaded: 0)
System memory in use before: 108.8 MB.
System memory in use after: 108.8 MB.

Unloading 12 unused Assets to reduce memory usage. Loaded Objects now: 2313.
Total: 2.411800 ms (FindLiveObjects: 0.379700 ms CreateObjectMapping: 0.079800 ms MarkObjects: 1.809400 ms  DeleteObjects: 0.141500 ms)

========================================================================
Received Prepare
Registering precompiled user dll's ...
Registered in 0.000769 seconds.
Begin MonoManager ReloadAssembly
Native extension for WindowsStandalone target not found
Native extension for WebGL target not found
Refreshing native plugins compatible for Editor in 0.40 ms, found 1 plugins.
Preloading 0 native plugins for Editor in 0.00 ms.
Mono: successfully reloaded assembly
- Completed reload, in  0.786 seconds
Platform modules already initialized, skipping
Refreshing native plugins compatible for Editor in 0.39 ms, found 1 plugins.
Preloading 0 native plugins for Editor in 0.00 ms.
Unloading 1810 Unused Serialized files (Serialized files now loaded: 0)
System memory in use before: 108.8 MB.
System memory in use after: 108.8 MB.

Unloading 12 unused Assets to reduce memory usage. Loaded Objects now: 2317.
Total: 2.392100 ms (FindLiveObjects: 0.216200 ms CreateObjectMapping: 0.044400 ms MarkObjects: 1.983400 ms  DeleteObjects: 0.145500 ms)

========================================================================
Received Prepare
Registering precompiled user dll's ...
Registered in 0.001064 seconds.
Begin MonoManager ReloadAssembly
Native extension for WindowsStandalone target not found
Native extension for WebGL target not found
Refreshing native plugins compatible for Editor in 0.40 ms, found 1 plugins.
Preloading 0 native plugins for Editor in 0.00 ms.
Mono: successfully reloaded assembly
- Completed reload, in  0.801 seconds
Platform modules already initialized, skipping
Refreshing native plugins compatible for Editor in 0.39 ms, found 1 plugins.
Preloading 0 native plugins for Editor in 0.00 ms.
Unloading 1810 Unused Serialized files (Serialized files now loaded: 0)
System memory in use before: 108.8 MB.
System memory in use after: 108.8 MB.

Unloading 12 unused Assets to reduce memory usage. Loaded Objects now: 2321.
Total: 2.822000 ms (FindLiveObjects: 0.240700 ms CreateObjectMapping: 0.038800 ms MarkObjects: 2.396500 ms  DeleteObjects: 0.144800 ms)

AssetImportWorkerClient::OnTransportError - code=2 error=End of file
